2025-04-06 18:49:52 [WARNING] news: 날짜 파싱 실패: 2일 전
2025-04-06 18:49:52 [WARNING] news: 날짜 파싱 실패: 2일 전
2025-04-06 18:49:55 [WARNING] news: 날짜 파싱 실패: A4면 1단
2025-04-06 18:49:55 [WARNING] news: 날짜 파싱 실패: 1일 전
2025-04-06 18:49:55 [WARNING] news: 날짜 파싱 실패: 6일 전
2025-04-06 18:49:55 [WARNING] news: 날짜 파싱 실패: 1일 전
2025-04-06 18:49:55 [WARNING] news: 날짜 파싱 실패: 3일 전
2025-04-06 18:49:57 [WARNING] news: 날짜 파싱 실패: 2일 전
2025-04-06 18:49:57 [WARNING] news: 날짜 파싱 실패: 1일 전
2025-04-06 18:49:58 [INFO] news: BTC 뉴스 5개 수집 완료
2025-04-06 18:49:59 [WARNING] news: 날짜 파싱 실패: 2일 전
2025-04-06 18:50:01 [WARNING] news: 날짜 파싱 실패: 1일 전
2025-04-06 18:50:01 [WARNING] news: 날짜 파싱 실패: 4일 전
2025-04-06 18:50:01 [WARNING] news: 날짜 파싱 실패: 1일 전
2025-04-06 18:50:01 [WARNING] news: 날짜 파싱 실패: 1일 전
2025-04-06 18:50:03 [WARNING] news: 날짜 파싱 실패: 2일 전
2025-04-06 18:50:03 [WARNING] news: 날짜 파싱 실패: 1일 전
2025-04-06 18:50:04 [INFO] news: ETH 뉴스 5개 수집 완료
2025-04-06 18:52:24 [WARNING] news: 날짜 파싱 실패: 2일 전
2025-04-06 18:52:24 [WARNING] news: 날짜 파싱 실패: 2일 전
2025-04-06 18:52:26 [WARNING] news: 날짜 파싱 실패: A4면 1단
2025-04-06 18:52:26 [WARNING] news: 날짜 파싱 실패: 1일 전
2025-04-06 18:52:26 [WARNING] news: 날짜 파싱 실패: 6일 전
2025-04-06 18:52:26 [WARNING] news: 날짜 파싱 실패: 1일 전
2025-04-06 18:52:26 [WARNING] news: 날짜 파싱 실패: 3일 전
2025-04-06 18:52:28 [WARNING] news: 날짜 파싱 실패: 2일 전
2025-04-06 18:52:28 [WARNING] news: 날짜 파싱 실패: 1일 전
2025-04-06 18:52:29 [INFO] news: BTC 뉴스 5개 수집 완료
2025-04-06 18:52:31 [WARNING] news: 날짜 파싱 실패: 2일 전
2025-04-06 18:52:33 [WARNING] news: 날짜 파싱 실패: 1일 전
2025-04-06 18:52:33 [WARNING] news: 날짜 파싱 실패: 4일 전
2025-04-06 18:52:33 [WARNING] news: 날짜 파싱 실패: 1일 전
2025-04-06 18:52:33 [WARNING] news: 날짜 파싱 실패: 1일 전
2025-04-06 18:52:35 [WARNING] news: 날짜 파싱 실패: 2일 전
2025-04-06 18:52:35 [WARNING] news: 날짜 파싱 실패: 1일 전
2025-04-06 18:52:36 [INFO] news: ETH 뉴스 5개 수집 완료
2025-04-06 18:53:37 [DEBUG] news: 지원하지 않는 날짜 형식: A4면 1단
2025-04-06 18:53:40 [INFO] news: BTC 뉴스 5개 수집 완료
2025-04-06 18:53:45 [INFO] news: ETH 뉴스 5개 수집 완료
2025-04-06 18:56:49 [DEBUG] news: 지원하지 않는 날짜 형식: A4면 1단
2025-04-06 18:56:52 [INFO] news: BTC 뉴스 5개 수집 완료
2025-04-06 18:56:58 [INFO] news: ETH 뉴스 5개 수집 완료
2025-04-06 19:27:25 [DEBUG] news: 지원하지 않는 날짜 형식: A4면 1단
2025-04-06 19:27:28 [INFO] news: BTC 뉴스 5개 수집 완료
2025-04-06 19:27:35 [INFO] news: ETH 뉴스 5개 수집 완료
2025-04-06 19:28:17 [DEBUG] news: 지원하지 않는 날짜 형식: A4면 1단
2025-04-06 19:28:20 [INFO] news: BTC 뉴스 1개 수집 완료
2025-04-06 19:32:05 [DEBUG] news: 지원하지 않는 날짜 형식: A4면 1단
2025-04-06 19:32:08 [INFO] news: BTC 뉴스 1개 수집 완료
2025-04-06 19:33:48 [DEBUG] news: 지원하지 않는 날짜 형식: A4면 1단
2025-04-06 19:33:51 [INFO] news: BTC 뉴스 1개 수집 완료
2025-04-06 19:36:37 [DEBUG] news: 지원하지 않는 날짜 형식: A4면 1단
2025-04-06 19:36:41 [INFO] news: BTC 뉴스 4개 수집 완료
2025-04-06 19:41:48 [DEBUG] news: CoinDesk 뉴스 0개 수집 완료
2025-04-06 19:41:50 [DEBUG] news: 지원하지 않는 날짜 형식: A4면 1단
2025-04-06 19:41:52 [DEBUG] news: CoinDesk 뉴스 0개 수집 완료
2025-04-06 19:41:55 [DEBUG] news: CoinDesk 뉴스 0개 수집 완료
2025-04-06 19:41:59 [DEBUG] news: CoinDesk 뉴스 0개 수집 완료
2025-04-06 19:42:02 [DEBUG] news: 지원하지 않는 날짜 형식: A4면 1단
2025-04-06 19:42:04 [DEBUG] news: CoinDesk 뉴스 0개 수집 완료
2025-04-06 19:42:05 [INFO] news: BTC 뉴스 5개 수집 완료
2025-04-06 19:42:35 [DEBUG] news: CoinDesk 뉴스 0개 수집 완료
2025-04-06 19:42:37 [DEBUG] news: 지원하지 않는 날짜 형식: A4면 1단
2025-04-06 19:42:38 [DEBUG] news: CoinDesk 뉴스 0개 수집 완료
2025-04-06 19:42:41 [DEBUG] news: CoinDesk 뉴스 0개 수집 완료
2025-04-06 19:42:44 [DEBUG] news: CoinDesk 뉴스 0개 수집 완료
2025-04-06 19:42:46 [DEBUG] news: 지원하지 않는 날짜 형식: A4면 1단
2025-04-06 19:42:47 [DEBUG] news: CoinDesk 뉴스 0개 수집 완료
2025-04-06 19:42:48 [INFO] news: BTC 뉴스 5개 수집 완료
2025-04-06 19:42:49 [DEBUG] news: CoinDesk 뉴스 0개 수집 완료
2025-04-06 19:42:52 [DEBUG] news: CoinDesk 뉴스 0개 수집 완료
2025-04-06 19:42:56 [DEBUG] news: CoinDesk 뉴스 0개 수집 완료
2025-04-06 19:42:59 [DEBUG] news: CoinDesk 뉴스 0개 수집 완료
2025-04-06 19:43:04 [DEBUG] news: CoinDesk 뉴스 0개 수집 완료
2025-04-06 19:43:05 [INFO] news: ETH 뉴스 5개 수집 완료
2025-04-06 19:44:10 [DEBUG] news: CoinDesk 뉴스 0개 수집 완료
2025-04-06 19:44:41 [DEBUG] news: CoinDesk 뉴스 0개 수집 완료
2025-04-06 19:44:43 [DEBUG] news: 지원하지 않는 날짜 형식: A4면 1단
2025-04-06 19:44:45 [DEBUG] news: CoinDesk 뉴스 0개 수집 완료
2025-04-06 19:44:48 [DEBUG] news: CoinDesk 뉴스 0개 수집 완료
2025-04-06 19:44:51 [DEBUG] news: CoinDesk 뉴스 0개 수집 완료
2025-04-06 19:44:54 [DEBUG] news: 지원하지 않는 날짜 형식: A4면 1단
2025-04-06 19:45:32 [DEBUG] news: CoinDesk 뉴스 0개 수집 완료
2025-04-06 19:45:34 [DEBUG] news: 지원하지 않는 날짜 형식: A4면 1단
2025-04-06 19:45:35 [DEBUG] news: CoinDesk 뉴스 0개 수집 완료
2025-04-06 19:45:38 [DEBUG] news: CoinDesk 뉴스 0개 수집 완료
2025-04-06 19:45:41 [DEBUG] news: CoinDesk 뉴스 0개 수집 완료
2025-04-06 19:45:42 [DEBUG] news: 지원하지 않는 날짜 형식: A4면 1단
2025-04-06 19:45:43 [DEBUG] news: CoinDesk 뉴스 0개 수집 완료
2025-04-06 19:45:44 [INFO] news: BTC 뉴스 4개 수집 완료
2025-04-06 19:48:11 [DEBUG] news: CoinDesk 뉴스 0개 수집 완료
2025-04-06 19:48:14 [DEBUG] news: 지원하지 않는 날짜 형식: A4면 1단
2025-04-06 19:48:15 [DEBUG] news: CoinDesk 뉴스 0개 수집 완료
2025-04-06 19:48:19 [DEBUG] news: CoinDesk 뉴스 0개 수집 완료
2025-04-06 19:48:24 [DEBUG] news: CoinDesk 뉴스 0개 수집 완료
2025-04-06 19:48:27 [DEBUG] news: 지원하지 않는 날짜 형식: A4면 1단
2025-04-06 19:48:29 [DEBUG] news: CoinDesk 뉴스 0개 수집 완료
2025-04-06 19:48:30 [INFO] news: BTC 뉴스 4개 수집 완료
2025-04-06 19:48:42 [DEBUG] news: CoinDesk 뉴스 0개 수집 완료
2025-04-06 19:48:46 [DEBUG] news: CoinDesk 뉴스 0개 수집 완료
2025-04-06 19:48:49 [DEBUG] news: CoinDesk 뉴스 0개 수집 완료
2025-04-06 19:48:53 [DEBUG] news: CoinDesk 뉴스 0개 수집 완료
2025-04-06 19:50:14 [DEBUG] news: CoinDesk 뉴스 0개 수집 완료
2025-04-06 19:50:16 [DEBUG] news: 지원하지 않는 날짜 형식: A4면 1단
2025-04-06 19:50:18 [DEBUG] news: CoinDesk 뉴스 0개 수집 완료
2025-04-06 19:50:22 [DEBUG] news: CoinDesk 뉴스 0개 수집 완료
2025-04-06 19:50:25 [DEBUG] news: CoinDesk 뉴스 0개 수집 완료
2025-04-06 19:50:27 [DEBUG] news: 지원하지 않는 날짜 형식: A4면 1단
2025-04-06 19:50:29 [DEBUG] news: CoinDesk 뉴스 0개 수집 완료
2025-04-06 19:50:30 [INFO] news: BTC 뉴스 5개 수집 완료
2025-04-06 19:51:27 [DEBUG] news: CoinDesk 뉴스 0개 수집 완료
2025-04-06 19:51:29 [DEBUG] news: 지원하지 않는 날짜 형식: A4면 1단
2025-04-06 19:51:30 [DEBUG] news: CoinDesk 뉴스 0개 수집 완료
2025-04-06 19:51:32 [DEBUG] news: CoinDesk 뉴스 0개 수집 완료
2025-04-06 19:51:35 [DEBUG] news: CoinDesk 뉴스 0개 수집 완료
2025-04-06 19:51:37 [DEBUG] news: 지원하지 않는 날짜 형식: A4면 1단
2025-04-06 19:51:38 [DEBUG] news: CoinDesk 뉴스 0개 수집 완료
2025-04-06 19:51:39 [INFO] news: BTC 뉴스 5개 수집 완료
2025-04-06 19:52:58 [DEBUG] news: CoinDesk 뉴스 0개 수집 완료
2025-04-06 19:53:00 [DEBUG] news: 지원하지 않는 날짜 형식: A4면 1단
2025-04-06 19:53:02 [DEBUG] news: CoinDesk 뉴스 0개 수집 완료
2025-04-06 19:53:06 [DEBUG] news: CoinDesk 뉴스 0개 수집 완료
2025-04-06 19:53:10 [DEBUG] news: CoinDesk 뉴스 0개 수집 완료
2025-04-06 19:53:12 [DEBUG] news: 지원하지 않는 날짜 형식: A4면 1단
2025-04-06 19:53:13 [DEBUG] news: CoinDesk 뉴스 0개 수집 완료
2025-04-06 19:53:14 [INFO] news: BTC 뉴스 5개 수집 완료
2025-04-06 20:00:29 [DEBUG] news: CoinDesk 뉴스 0개 수집 완료
2025-04-06 20:00:32 [DEBUG] news: 지원하지 않는 날짜 형식: A4면 1단
2025-04-06 20:00:33 [DEBUG] news: CoinDesk 뉴스 0개 수집 완료
2025-04-06 20:00:37 [DEBUG] news: CoinDesk 뉴스 0개 수집 완료
2025-04-06 20:00:41 [DEBUG] news: CoinDesk 뉴스 0개 수집 완료
2025-04-06 20:00:43 [DEBUG] news: 지원하지 않는 날짜 형식: A4면 1단
2025-04-06 20:00:45 [DEBUG] news: CoinDesk 뉴스 0개 수집 완료
2025-04-06 20:00:46 [INFO] news: BTC 뉴스 5개 수집 완료
